<?xml version="1.0" encoding="UTF-8"?>
<testsuite name="GetUsersTests"
           tests="4"
           failures="0"
           errors="0"
           skipped="0"
           time="2.026">
    <properties></properties>



            <testcase
                name="verifyResponseWithMoreThanMaxPage"
                time="0.198"
                classname="GetUsersTests">
            </testcase>
            <testcase
                name="verifyResponseWithPage200"
                time="0.097"
                classname="GetUsersTests">
            </testcase>
            <testcase
                name="verifyResponse"
                time="1.487"
                classname="GetUsersTests">
            </testcase>
            <testcase
                name="verifyResponseWithPerPage"
                time="0.244"
                classname="GetUsersTests">
            </testcase>
</testsuite>
