<?xml version="1.0" encoding="UTF-8"?>
<!-- Generated by org.testng.reporters.JUnitXMLReporter -->
<testsuite hostname="Katerinas-MacBook-Pro.local" ignored="0" tests="4" failures="0" timestamp="31 Jan 2021 17:32:13 GMT" time="2.539" errors="0">
  <testcase name="verifyResponse" time="1.542" classname="GetUsersTests"/>
  <testcase name="verifyResponseWithMoreThanMaxPage" time="0.228" classname="GetUsersTests"/>
  <testcase name="verifyResponseWithPage200" time="0.11" classname="GetUsersTests"/>
  <testcase name="verifyResponseWithPerPage" time="0.247" classname="GetUsersTests"/>
</testsuite>
