<?xml version="1.0" encoding="UTF-8"?>
<!-- Generated by org.testng.reporters.JUnitXMLReporter -->
<testsuite hostname="Katerinas-MacBook-Pro.local" ignored="0" tests="4" failures="0" timestamp="31 Jan 2021 17:32:28 GMT" time="1.217" errors="0">
  <testcase name="successfulRegister" time="0.294" classname="RegisterTests"/>
  <testcase name="unsuccessfulRegister" time="0.385" classname="RegisterTests"/>
  <testcase name="unsuccessfulRegisterWithFullBody" time="0.291" classname="RegisterTests"/>
  <testcase name="unsuccessfulRegisterWithPasswordOnly" time="0.244" classname="RegisterTests"/>
</testsuite>
